#
# There is insufficient memory for the Java Runtime Environment to continue.
# Native memory allocation (malloc) failed to allocate 1048576 bytes. Error detail: AllocateHeap
# Possible reasons:
#   The system is out of physical RAM or swap space
#   This process is running with CompressedOops enabled, and the Java Heap may be blocking the growth of the native heap
# Possible solutions:
#   Reduce memory load on the system
#   Increase physical memory or swap space
#   Check if swap backing store is full
#   Decrease Java heap size (-Xmx/-Xms)
#   Decrease number of Java threads
#   Decrease Java thread stack sizes (-Xss)
#   Set larger code cache with -XX:ReservedCodeCacheSize=
#   JVM is running with Unscaled Compressed Oops mode in which the Java heap is
#     placed in the first 4GB address space. The Java Heap base address is the
#     maximum limit for the native heap growth. Please use -XX:HeapBaseMinAddress
#     to set the Java Heap base and to place the Java Heap above 4GB virtual address.
# This output file may be truncated or incomplete.
#
#  Out of Memory Error (allocation.cpp:44), pid=44124, tid=21800
#
# JRE version:  (17.0.12+7) (build )
# Java VM: OpenJDK 64-Bit Server VM (17.0.12+7, mixed mode, tiered, compressed oops, compressed class ptrs, parallel gc, windows-amd64)
# No core dump will be written. Minidumps are not enabled by default on client versions of Windows
#

---------------  S U M M A R Y ------------

Command Line: --add-modules=ALL-SYSTEM --add-opens=java.base/java.util=ALL-UNNAMED --add-opens=java.base/java.lang=ALL-UNNAMED --add-opens=java.base/sun.nio.fs=ALL-UNNAMED -Declipse.application=org.eclipse.jdt.ls.core.id1 -Dosgi.bundles.defaultStartLevel=4 -Declipse.product=org.eclipse.jdt.ls.core.product -Djava.import.generatesMetadataFilesAtProjectRoot=false -DDetectVMInstallationsJob.disabled=true -Dfile.encoding=utf8 -XX:+UseParallelGC -XX:GCTimeRatio=4 -XX:AdaptiveSizePolicyWeight=90 -Dsun.zip.disableMemoryMapping=true -Xmx1G -Xms100m -Xlog:disable -javaagent:c:\Users\Aiden\.vscode\extensions\redhat.java-1.35.1-win32-x64\lombok\lombok-1.18.33.jar c:\Users\Aiden\.vscode\extensions\redhat.java-1.35.1-win32-x64\server\plugins\org.eclipse.equinox.launcher_1.6.900.v20240613-2009.jar -configuration c:\Users\Aiden\AppData\Roaming\Code\User\globalStorage\redhat.java\1.35.1\config_ss_win -data c:\Users\Aiden\AppData\Roaming\Code\User\workspaceStorage\3703d8c46df97a38c7f3b095918dc3f8\redhat.java\ss_ws --pipe=\\.\pipe\lsp-c2032343c5820c89bdb8302bc678873c-sock

Host: AMD Ryzen 7 3700X 8-Core Processor             , 16 cores, 15G,  Windows 11 , 64 bit Build 22621 (10.0.22621.3958)
Time: Sun Oct  6 17:36:35 2024 Eastern Daylight Time elapsed time: 0.197467 seconds (0d 0h 0m 0s)

---------------  T H R E A D  ---------------

Current thread (0x000001882199ebb0):  JavaThread "Unknown thread" [_thread_in_vm, id=21800, stack(0x000000781a500000,0x000000781a600000)]

Stack: [0x000000781a500000,0x000000781a600000]
Native frames: (J=compiled Java code, j=interpreted, Vv=VM code, C=native code)
V  [jvm.dll+0x67f929]
V  [jvm.dll+0x8371ba]
V  [jvm.dll+0x838c7e]
V  [jvm.dll+0x8392e3]
V  [jvm.dll+0x24834f]
V  [jvm.dll+0xa70d3]
V  [jvm.dll+0x6b2e9a]
V  [jvm.dll+0x6b3b8f]
V  [jvm.dll+0x68c0b3]
V  [jvm.dll+0x80916b]
V  [jvm.dll+0x36d434]
V  [jvm.dll+0x7e7425]
V  [jvm.dll+0x3f0edf]
V  [jvm.dll+0x3f2a31]
C  [jli.dll+0x528f]
C  [ucrtbase.dll+0x29333]
C  [KERNEL32.DLL+0x1257d]
C  [ntdll.dll+0x5af28]


---------------  P R O C E S S  ---------------

Threads class SMR info:
_java_thread_list=0x00007fffcad46f18, length=0, elements={
}

Java Threads: ( => current thread )

Other Threads:
  0x00000188219b47b0 GCTaskThread "GC Thread#0" [stack: 0x000000781a600000,0x000000781a700000] [id=24528]

=>0x000001882199ebb0 (exited) JavaThread "Unknown thread" [_thread_in_vm, id=21800, stack(0x000000781a500000,0x000000781a600000)]

Threads with active compile tasks:

VM state: not at safepoint (normal execution)

VM Mutex/Monitor currently owned by a thread: None

Heap address: 0x00000000c0000000, size: 1024 MB, Compressed Oops mode: 32-bit

CDS archive(s) not mapped
Compressed class space mapped at: 0x0000000100000000-0x0000000140000000, reserved size: 1073741824
Narrow klass base: 0x0000000000000000, Narrow klass shift: 3, Narrow klass range: 0x140000000

GC Precious Log:
 CPUs: 16 total, 16 available
 Memory: 16297M
 Large Page Support: Disabled
 NUMA Support: Disabled
 Compressed Oops: Enabled (32-bit)
 Alignments: Space 512K, Generation 512K, Heap 2M
 Heap Min Capacity: 100M
 Heap Initial Capacity: 100M
 Heap Max Capacity: 1G
 Pre-touch: Disabled
 Parallel Workers: 13

Heap:
 PSYoungGen      total 29696K, used 512K [0x00000000eab00000, 0x00000000ecc00000, 0x0000000100000000)
  eden space 25600K, 2% used [0x00000000eab00000,0x00000000eab80070,0x00000000ec400000)
  from space 4096K, 0% used [0x00000000ec800000,0x00000000ec800000,0x00000000ecc00000)
  to   space 4096K, 0% used [0x00000000ec400000,0x00000000ec400000,0x00000000ec800000)
 ParOldGen       total 68608K, used 0K [0x00000000c0000000, 0x00000000c4300000, 0x00000000eab00000)
  object space 68608K, 0% used [0x00000000c0000000,0x00000000c0000000,0x00000000c4300000)
 Metaspace       used 1149K, committed 1216K, reserved 1114112K
  class space    used 101K, committed 128K, reserved 1048576K

Card table byte_map: [0x0000018821330000,0x0000018821540000] _byte_map_base: 0x0000018820d30000

Marking Bits: (ParMarkBitMap*) 0x00007fffcadb58b0
 Begin Bits: [0x0000018833630000, 0x0000018834630000)
 End Bits:   [0x0000018834630000, 0x0000018835630000)

Polling page: 0x000001881f680000

Metaspace:

Usage:
  Non-class:      1.02 MB used.
      Class:    101.05 KB used.
       Both:      1.12 MB used.

Virtual space:
  Non-class space:       64.00 MB reserved,       1.06 MB (  2%) committed,  1 nodes.
      Class space:        1.00 GB reserved,     128.00 KB ( <1%) committed,  1 nodes.
             Both:        1.06 GB reserved,       1.19 MB ( <1%) committed. 

Chunk freelists:
   Non-Class:  12.00 MB
       Class:  15.75 MB
        Both:  27.75 MB

MaxMetaspaceSize: unlimited
CompressedClassSpaceSize: 1.00 GB
Initial GC threshold: 21.00 MB
Current GC threshold: 17179869184.00 GB
CDS: off
MetaspaceReclaimPolicy: balanced
 - commit_granule_bytes: 65536.
 - commit_granule_words: 8192.
 - virtual_space_node_default_size: 8388608.
 - enlarge_chunks_in_place: 1.
 - new_chunks_are_fully_committed: 0.
 - uncommit_free_chunks: 1.
 - use_allocation_guard: 0.
 - handle_deallocations: 1.


Internal statistics:

num_allocs_failed_limit: 0.
num_arena_births: 2.
num_arena_deaths: 0.
num_vsnodes_births: 2.
num_vsnodes_deaths: 0.
num_space_committed: 19.
num_space_uncommitted: 0.
num_chunks_returned_to_freelist: 0.
num_chunks_taken_from_freelist: 3.
num_chunk_merges: 0.
num_chunk_splits: 2.
num_chunks_enlarged: 0.
num_inconsistent_stats: 0.

CodeHeap 'non-profiled nmethods': size=119168Kb used=0Kb max_used=0Kb free=119168Kb
 bounds [0x000001882c1d0000, 0x000001882c440000, 0x0000018833630000]
CodeHeap 'profiled nmethods': size=119104Kb used=0Kb max_used=0Kb free=119104Kb
 bounds [0x0000018824630000, 0x00000188248a0000, 0x000001882ba80000]
CodeHeap 'non-nmethods': size=7488Kb used=202Kb max_used=353Kb free=7285Kb
 bounds [0x000001882ba80000, 0x000001882bcf0000, 0x000001882c1d0000]
 total_blobs=66 nmethods=0 adapters=47
 compilation: enabled
              stopped_count=0, restarted_count=0
 full_count=0

Compilation events (0 events):
No events

GC Heap History (0 events):
No events

Dll operation events (1 events):
Event: 0.176 Loaded shared library c:\Users\Aiden\.vscode\extensions\redhat.java-1.35.1-win32-x64\jre\17.0.12-win32-x86_64\bin\java.dll

Deoptimization events (0 events):
No events

Classes loaded (20 events):
Event: 0.192 Loading class java/lang/Long
Event: 0.192 Loading class java/lang/Long done
Event: 0.192 Loading class java/util/Iterator
Event: 0.192 Loading class java/util/Iterator done
Event: 0.192 Loading class java/lang/reflect/RecordComponent
Event: 0.192 Loading class java/lang/reflect/RecordComponent done
Event: 0.192 Loading class jdk/internal/vm/vector/VectorSupport
Event: 0.193 Loading class jdk/internal/vm/vector/VectorSupport done
Event: 0.193 Loading class jdk/internal/vm/vector/VectorSupport$VectorPayload
Event: 0.193 Loading class jdk/internal/vm/vector/VectorSupport$VectorPayload done
Event: 0.193 Loading class jdk/internal/vm/vector/VectorSupport$Vector
Event: 0.193 Loading class jdk/internal/vm/vector/VectorSupport$Vector done
Event: 0.193 Loading class jdk/internal/vm/vector/VectorSupport$VectorMask
Event: 0.193 Loading class jdk/internal/vm/vector/VectorSupport$VectorMask done
Event: 0.193 Loading class jdk/internal/vm/vector/VectorSupport$VectorShuffle
Event: 0.193 Loading class jdk/internal/vm/vector/VectorSupport$VectorShuffle done
Event: 0.195 Loading class java/lang/NullPointerException
Event: 0.195 Loading class java/lang/NullPointerException done
Event: 0.195 Loading class java/lang/ArithmeticException
Event: 0.195 Loading class java/lang/ArithmeticException done

Classes unloaded (0 events):
No events

Classes redefined (0 events):
No events

Internal exceptions (0 events):
No events

VM Operations (0 events):
No events

Events (0 events):
No events


Dynamic libraries:
0x00007ff7486b0000 - 0x00007ff7486be000 	c:\Users\Aiden\.vscode\extensions\redhat.java-1.35.1-win32-x64\jre\17.0.12-win32-x86_64\bin\java.exe
0x00007ff88c910000 - 0x00007ff88cb27000 	C:\WINDOWS\SYSTEM32\ntdll.dll
0x00007ff88a780000 - 0x00007ff88a844000 	C:\WINDOWS\System32\KERNEL32.DLL
0x00007ff889e40000 - 0x00007ff88a1ed000 	C:\WINDOWS\System32\KERNELBASE.dll
0x00007ff88a2c0000 - 0x00007ff88a3d1000 	C:\WINDOWS\System32\ucrtbase.dll
0x00007ff83f940000 - 0x00007ff83f957000 	c:\Users\Aiden\.vscode\extensions\redhat.java-1.35.1-win32-x64\jre\17.0.12-win32-x86_64\bin\jli.dll
0x00007ff83e5f0000 - 0x00007ff83e60b000 	c:\Users\Aiden\.vscode\extensions\redhat.java-1.35.1-win32-x64\jre\17.0.12-win32-x86_64\bin\VCRUNTIME140.dll
0x00007ff88c2e0000 - 0x00007ff88c48e000 	C:\WINDOWS\System32\USER32.dll
0x00007ff88a290000 - 0x00007ff88a2b6000 	C:\WINDOWS\System32\win32u.dll
0x00007ff88b320000 - 0x00007ff88b349000 	C:\WINDOWS\System32\GDI32.dll
0x00007ff85e490000 - 0x00007ff85e723000 	C:\WINDOWS\WinSxS\amd64_microsoft.windows.common-controls_6595b64144ccf1df_6.0.22621.3672_none_2713b9d173822955\COMCTL32.dll
0x00007ff889ca0000 - 0x00007ff889db9000 	C:\WINDOWS\System32\gdi32full.dll
0x00007ff88a850000 - 0x00007ff88a8f7000 	C:\WINDOWS\System32\msvcrt.dll
0x00007ff88a1f0000 - 0x00007ff88a28a000 	C:\WINDOWS\System32\msvcp_win.dll
0x00007ff88afe0000 - 0x00007ff88b011000 	C:\WINDOWS\System32\IMM32.DLL
0x00007ff865d10000 - 0x00007ff865d1c000 	c:\Users\Aiden\.vscode\extensions\redhat.java-1.35.1-win32-x64\jre\17.0.12-win32-x86_64\bin\vcruntime140_1.dll
0x00007ff814210000 - 0x00007ff81429d000 	c:\Users\Aiden\.vscode\extensions\redhat.java-1.35.1-win32-x64\jre\17.0.12-win32-x86_64\bin\msvcp140.dll
0x00007fffca210000 - 0x00007fffcae7a000 	c:\Users\Aiden\.vscode\extensions\redhat.java-1.35.1-win32-x64\jre\17.0.12-win32-x86_64\bin\server\jvm.dll
0x00007ff88b030000 - 0x00007ff88b0e2000 	C:\WINDOWS\System32\ADVAPI32.dll
0x00007ff88c230000 - 0x00007ff88c2d9000 	C:\WINDOWS\System32\sechost.dll
0x00007ff88a3e0000 - 0x00007ff88a408000 	C:\WINDOWS\System32\bcrypt.dll
0x00007ff88a640000 - 0x00007ff88a754000 	C:\WINDOWS\System32\RPCRT4.dll
0x00007ff88a910000 - 0x00007ff88a981000 	C:\WINDOWS\System32\WS2_32.dll
0x00007ff888ae0000 - 0x00007ff888b2d000 	C:\WINDOWS\SYSTEM32\POWRPROF.dll
0x00007ff8802e0000 - 0x00007ff8802ea000 	C:\WINDOWS\SYSTEM32\VERSION.dll
0x00007ff882920000 - 0x00007ff882954000 	C:\WINDOWS\SYSTEM32\WINMM.dll
0x00007ff888ac0000 - 0x00007ff888ad3000 	C:\WINDOWS\SYSTEM32\UMPDC.dll
0x00007ff888d70000 - 0x00007ff888d88000 	C:\WINDOWS\SYSTEM32\kernel.appcore.dll
0x00007ff861c90000 - 0x00007ff861c9a000 	c:\Users\Aiden\.vscode\extensions\redhat.java-1.35.1-win32-x64\jre\17.0.12-win32-x86_64\bin\jimage.dll
0x00007ff87d2a0000 - 0x00007ff87d4d2000 	C:\WINDOWS\SYSTEM32\DBGHELP.DLL
0x00007ff88c490000 - 0x00007ff88c81e000 	C:\WINDOWS\System32\combase.dll
0x00007ff88b1f0000 - 0x00007ff88b2c7000 	C:\WINDOWS\System32\OLEAUT32.dll
0x00007ff87b4b0000 - 0x00007ff87b4e2000 	C:\WINDOWS\SYSTEM32\dbgcore.DLL
0x00007ff889dc0000 - 0x00007ff889e3b000 	C:\WINDOWS\System32\bcryptPrimitives.dll
0x00007ff850070000 - 0x00007ff85007e000 	c:\Users\Aiden\.vscode\extensions\redhat.java-1.35.1-win32-x64\jre\17.0.12-win32-x86_64\bin\instrument.dll
0x00007ff823220000 - 0x00007ff823245000 	c:\Users\Aiden\.vscode\extensions\redhat.java-1.35.1-win32-x64\jre\17.0.12-win32-x86_64\bin\java.dll
0x00007ff836cd0000 - 0x00007ff836ce8000 	c:\Users\Aiden\.vscode\extensions\redhat.java-1.35.1-win32-x64\jre\17.0.12-win32-x86_64\bin\zip.dll

dbghelp: loaded successfully - version: 4.0.5 - missing functions: none
symbol engine: initialized successfully - sym options: 0x614 - pdb path: .;c:\Users\Aiden\.vscode\extensions\redhat.java-1.35.1-win32-x64\jre\17.0.12-win32-x86_64\bin;C:\WINDOWS\SYSTEM32;C:\WINDOWS\WinSxS\amd64_microsoft.windows.common-controls_6595b64144ccf1df_6.0.22621.3672_none_2713b9d173822955;c:\Users\Aiden\.vscode\extensions\redhat.java-1.35.1-win32-x64\jre\17.0.12-win32-x86_64\bin\server

VM Arguments:
jvm_args: --add-modules=ALL-SYSTEM --add-opens=java.base/java.util=ALL-UNNAMED --add-opens=java.base/java.lang=ALL-UNNAMED --add-opens=java.base/sun.nio.fs=ALL-UNNAMED -Declipse.application=org.eclipse.jdt.ls.core.id1 -Dosgi.bundles.defaultStartLevel=4 -Declipse.product=org.eclipse.jdt.ls.core.product -Djava.import.generatesMetadataFilesAtProjectRoot=false -DDetectVMInstallationsJob.disabled=true -Dfile.encoding=utf8 -XX:+UseParallelGC -XX:GCTimeRatio=4 -XX:AdaptiveSizePolicyWeight=90 -Dsun.zip.disableMemoryMapping=true -Xmx1G -Xms100m -Xlog:disable -javaagent:c:\Users\Aiden\.vscode\extensions\redhat.java-1.35.1-win32-x64\lombok\lombok-1.18.33.jar 
java_command: c:\Users\Aiden\.vscode\extensions\redhat.java-1.35.1-win32-x64\server\plugins\org.eclipse.equinox.launcher_1.6.900.v20240613-2009.jar -configuration c:\Users\Aiden\AppData\Roaming\Code\User\globalStorage\redhat.java\1.35.1\config_ss_win -data c:\Users\Aiden\AppData\Roaming\Code\User\workspaceStorage\3703d8c46df97a38c7f3b095918dc3f8\redhat.java\ss_ws --pipe=\\.\pipe\lsp-c2032343c5820c89bdb8302bc678873c-sock
java_class_path (initial): c:\Users\Aiden\.vscode\extensions\redhat.java-1.35.1-win32-x64\server\plugins\org.eclipse.equinox.launcher_1.6.900.v20240613-2009.jar
Launcher Type: SUN_STANDARD

[Global flags]
    uintx AdaptiveSizePolicyWeight                 = 90                                        {product} {command line}
     intx CICompilerCount                          = 12                                        {product} {ergonomic}
    uintx GCTimeRatio                              = 4                                         {product} {command line}
   size_t InitialHeapSize                          = 104857600                                 {product} {command line}
   size_t MaxHeapSize                              = 1073741824                                {product} {command line}
   size_t MaxNewSize                               = 357564416                                 {product} {ergonomic}
   size_t MinHeapDeltaBytes                        = 524288                                    {product} {ergonomic}
   size_t MinHeapSize                              = 104857600                                 {product} {command line}
   size_t NewSize                                  = 34603008                                  {product} {ergonomic}
    uintx NonNMethodCodeHeapSize                   = 7602480                                {pd product} {ergonomic}
    uintx NonProfiledCodeHeapSize                  = 122027880                              {pd product} {ergonomic}
   size_t OldSize                                  = 70254592                                  {product} {ergonomic}
    uintx ProfiledCodeHeapSize                     = 122027880                              {pd product} {ergonomic}
    uintx ReservedCodeCacheSize                    = 251658240                              {pd product} {ergonomic}
     bool SegmentedCodeCache                       = true                                      {product} {ergonomic}
   size_t SoftMaxHeapSize                          = 1073741824                             {manageable} {ergonomic}
     bool UseCompressedClassPointers               = true                           {product lp64_product} {ergonomic}
     bool UseCompressedOops                        = true                           {product lp64_product} {ergonomic}
     bool UseLargePagesIndividualAllocation        = false                                  {pd product} {ergonomic}
     bool UseParallelGC                            = true                                      {product} {command line}

Logging:
Log output configuration:
 #0: stdout all=off uptime,level,tags
 #1: stderr all=off uptime,level,tags

Environment Variables:
PATH=C:\Program Files\Eclipse Adoptium\jdk-21.0.4.7-hotspot\bin;C:\Program Files\Oculus\Support\oculus-runtime;C:\Program Files (x86)\Razer Chroma SDK\bin;C:\Program Files\Razer Chroma SDK\bin;C:\Program Files (x86)\Common Files\Oracle\Java\javapath;C:\Program Files (x86)\Razer\ChromaBroadcast\bin;C:\Program Files\Razer\ChromaBroadcast\bin;C:\windows\system32;C:\windows;C:\windows\System32\Wbem;C:\windows\System32\WindowsPowerShell\v1.0\;C:\windows\System32\OpenSSH\;C:\Program Files (x86)\NVIDIA Corporation\PhysX\Common;C:\Program Files\NVIDIA Corporation\NVIDIA NvDLISR;C:\Users\Aiden\AppData\Local\Microsoft\WindowsApps;C:\windows\system32\config\systemprofile\AppData\Local\Microsoft\WindowsApps;C:\WINDOWS\system32;C:\WINDOWS;C:\WINDOWS\System32\Wbem;C:\WINDOWS\System32\WindowsPowerShell\v1.0\;C:\WINDOWS\System32\OpenSSH\;C:\Program Files\dotnet\;C:\WINDOWS\system32;C:\WINDOWS;C:\WINDOWS\System32\Wbem;C:\WINDOWS\System32\WindowsPowerShell\v1.0\;C:\WINDOWS\System32\OpenSSH\;C:\Program Files\HP\HP One Agent;C:\Users\Aiden\AppData\Local\Programs\Python\Python312\Scripts\;C:\Users\Aiden\AppData\Local\Programs\Python\Python312\;C:\Users\Aiden\AppData\Local\Microsoft\WindowsApps;C:\Users\Aiden\AppData\Local\Microsoft\WindowsApps;C:\Users\Aiden\.dotnet\tools;C:\Users\Aiden\AppData\Local\Programs\Microsoft VS Code\bin
USERNAME=Aiden
OS=Windows_NT
PROCESSOR_IDENTIFIER=AMD64 Family 23 Model 113 Stepping 0, AuthenticAMD
TMP=C:\Users\Aiden\AppData\Local\Temp
TEMP=C:\Users\Aiden\AppData\Local\Temp



Periodic native trim disabled


---------------  S Y S T E M  ---------------

OS:
 Windows 11 , 64 bit Build 22621 (10.0.22621.3958)
OS uptime: 6 days 18:44 hours

CPU: total 16 (initial active 16) (16 cores per cpu, 2 threads per core) family 23 model 113 stepping 0 microcode 0x0, cx8, cmov, fxsr, ht, mmx, 3dnowpref, sse, sse2, sse3, ssse3, sse4a, sse4.1, sse4.2, popcnt, lzcnt, tsc, tscinvbit, avx, avx2, aes, clmul, bmi1, bmi2, adx, sha, fma, vzeroupper, clflush, clflushopt
Processor Information for all 16 processors :
  Max Mhz: 3593, Current Mhz: 3593, Mhz Limit: 3593

Memory: 4k page, system-wide physical 16297M (578M free)
TotalPageFile size 32297M (AvailPageFile size 5M)
current process WorkingSet (physical memory assigned to process): 17M, peak: 17M
current process commit charge ("private bytes"): 174M, peak: 175M

vm_info: OpenJDK 64-Bit Server VM (17.0.12+7) for windows-amd64 JRE (17.0.12+7), built on Jul 16 2024 22:08:24 by "admin" with MS VC++ 16.10 / 16.11 (VS2019)

END.
